make all --print-data-base --no-builtin-variables --no-builtin-rules --question
# GNU Make 4.3
# Built for x86_64-pc-linux-gnu
# Copyright (C) 1988-2020 Free Software Foundation, Inc.
# License GPLv3+: GNU GPL version 3 or later <http://gnu.org/licenses/gpl.html>
# This is free software: you are free to change and redistribute it.
# There is NO WARRANTY, to the extent permitted by law.

# Make data base, printed on Wed Aug 21 08:03:56 2024

# Variables

# environment
GDK_BACKEND = x11
# environment
LC_ALL = C
# environment
SSH_AGENT_LAUNCHER = openssh
# environment
GJS_DEBUG_OUTPUT = stderr
# environment
VSCODE_CRASH_REPORTER_PROCESS_TYPE = extensionHost
# environment
VSCODE_CWD = /home/optimus-prime
# environment
GDM_LANG = en_US.UTF-8
# default
MAKE_COMMAND := make
# environment
QT_ACCESSIBILITY = 1
# automatic
@D = $(patsubst %/,%,$(dir $@))
# environment
VSCODE_HANDLES_UNCAUGHT_ERRORS = true
# default
.VARIABLES := 
# environment
PWD = /home/optimus-prime/Documents/42_Luanda/42 Cursus/So_long
# automatic
%D = $(patsubst %/,%,$(dir $%))
# environment
XDG_DATA_DIRS = /usr/share/gnome:/usr/local/share/:/usr/share/:/var/lib/snapd/desktop
# makefile (from 'Makefile', line 31)
S_FILES = ./SRCS/main.c ./SRCS/Error/error_handler.c ./SRCS/Error/error_utils.c ./SRCS/Error/validate_map.c ./SRCS/Error/validate_string.c 
# automatic
^D = $(patsubst %/,%,$(dir $^))
# automatic
%F = $(notdir $%)
# environment
VSCODE_CODE_CACHE_PATH = /home/optimus-prime/.config/Code/CachedData/fee1edb8d6d72a0ddff41e5f71a671c23ed924b9
# makefile (from 'Makefile', line 19)
LIBFT = -L$(L_DIR) -lft
# environment
LANG = C
# makefile (from 'Makefile', line 37)
S_OBJ = $(S_FILES:.c=.o)
# environment
XAUTHORITY = /run/user/1000/.mutter-Xwaylandauth.GDR5S2
# default
.LOADED := 
# default
.INCLUDE_DIRS = /usr/local/include /usr/include /usr/include
# makefile
MAKEFLAGS = pqrR
# makefile (from 'Makefile', line 25)
BLUE = \033[34m
# makefile
CURDIR := /home/optimus-prime/Documents/42_Luanda/42 Cursus/So_long
# environment
APPLICATION_INSIGHTS_NO_DIAGNOSTIC_CHANNEL = true
# automatic
*D = $(patsubst %/,%,$(dir $*))
# environment
MFLAGS = -pqrR
# environment
SSH_AUTH_SOCK = /run/user/1000/keyring/ssh
# default
.SHELLFLAGS := -c
# environment
WAYLAND_DISPLAY = wayland-0
# automatic
+D = $(patsubst %/,%,$(dir $+))
# environment
XDG_SESSION_DESKTOP = gnome
# makefile (from 'Makefile', line 1)
MAKEFILE_LIST := Makefile
# automatic
@F = $(notdir $@)
# environment
VSCODE_PID = 2250
# environment
XDG_SESSION_TYPE = wayland
# automatic
?D = $(patsubst %/,%,$(dir $?))
# environment
SESSION_MANAGER = local/Optimus:@/tmp/.ICE-unix/1452,unix/Optimus:/tmp/.ICE-unix/1452
# automatic
*F = $(notdir $*)
# environment
CHROME_DESKTOP = code-url-handler.desktop
# environment
DBUS_SESSION_BUS_ADDRESS = unix:path=/run/user/1000/bus
# automatic
<D = $(patsubst %/,%,$(dir $<))
# environment
VSCODE_NLS_CONFIG = {"userLocale":"en-us","osLocale":"en-us","resolvedLanguage":"en","defaultMessagesFile":"/usr/share/code/resources/app/out/nls.messages.json","locale":"en","availableLanguages":{}}
# default
MAKE_HOST := x86_64-pc-linux-gnu
# environment
GNOME_DESKTOP_SESSION_ID = this-is-deprecated
# makefile
SHELL = /bin/sh
# default
MAKECMDGOALS := all
# environment
XMODIFIERS = @im=ibus
# environment
GJS_DEBUG_TOPICS = JS ERROR;JS LOG
# environment
SHLVL = 0
# environment
MAKELEVEL := 0
# environment
IM_CONFIG_CHECK_ENV = 1
# default
MAKE = $(MAKE_COMMAND)
# environment
PATH = /home/optimus-prime/.local/bin:/usr/local/bin:/usr/bin:/bin:/usr/local/games:/usr/games:/snap/bin:/home/optimus-prime/.local/bin:/home/optimus-prime/.local/bin
# default
MAKEFILES := 
# automatic
^F = $(notdir $^)
# makefile (from 'Makefile', line 20)
HEADER = inc/so_long.h
# makefile (from 'Makefile', line 26)
YELLOW = \033[33m
# environment
INVOCATION_ID = 7a42eea27e74400f96443e1dab70b9ea
# environment
USERNAME = optimus-prime
# makefile (from 'Makefile', line 28)
GREEN = \033[32m
# environment
GNOME_SETUP_DISPLAY = :1
# automatic
?F = $(notdir $?)
# makefile (from 'Makefile', line 14)
NAME = so_long
# environment
XDG_CURRENT_DESKTOP = GNOME
# automatic
+F = $(notdir $+)
# environment
DESKTOP_SESSION = gnome
# environment
ORIGINAL_XDG_CURRENT_DESKTOP = GNOME
# 'override' directive
GNUMAKEFLAGS := 
# environment
LOGNAME = optimus-prime
# environment
GIO_LAUNCHED_DESKTOP_FILE = /usr/share/applications/code.desktop
# makefile
.DEFAULT_GOAL := all
# environment
SYSTEMD_EXEC_PID = 1471
# makefile (from 'Makefile', line 27)
ORANGE = \033[38;5;208m
# makefile (from 'Makefile', line 24)
RED = \033[31m
# environment
DISPLAY = :0
# environment
USER = optimus-prime
# environment
GTK_MODULES = gail:atk-bridge
# default
MAKE_VERSION := 4.3
# environment
MANAGERPID = 1309
# environment
GIO_LAUNCHED_DESKTOP_FILE_PID = 2250
# environment
_ = /usr/share/code/code
# makefile (from 'Makefile', line 23)
RESET = \033[0m
# environment
XDG_RUNTIME_DIR = /run/user/1000
# makefile (from 'Makefile', line 17)
CFLAGS = -Wall -Wextra -Werror
# environment
JOURNAL_STREAM = 8:24818
# environment
XDG_SESSION_CLASS = user
# environment
VSCODE_AMD_ENTRYPOINT = vs/workbench/api/node/extensionHostProcess
# environment
HOME = /home/optimus-prime
# environment
QT_IM_MODULE = ibus
# environment
ELECTRON_RUN_AS_NODE = 1
# environment
VSCODE_IPC_HOOK = /run/user/1000/vscode-b8cd84b0-1.92-main.sock
# environment
IM_CONFIG_PHASE = 1
# default
.RECIPEPREFIX := 
# automatic
<F = $(notdir $<)
# default
SUFFIXES := 
# makefile (from 'Makefile', line 18)
L_DIR = ./Libft	
# default
.FEATURES := target-specific order-only second-expansion else-if shortest-stem undefine oneshell nocomment grouped-target extra-prereqs archives jobserver output-sync check-symlink load
# makefile (from 'Makefile', line 16)
CC = cc
# environment
XDG_MENU_PREFIX = gnome-
# environment
GDMSESSION = gnome
# variable set hash-table stats:
# Load=105/1024=10%, Rehash=0, Collisions=3/149=2%

# Pattern-specific Variable Values

# No pattern-specific variable values.

# Directories

# inc (device 65025, inode 1179939): 3 files, no impossibilities so far.
# SRCS (device 65025, inode 1179938): 2 files, no impossibilities so far.
# SRCS/Error (device 65025, inode 1182759): 10 files, no impossibilities so far.
# . (device 65025, inode 1179883): 12 files, no impossibilities.

# 27 files, no impossibilities in 4 directories.

# Implicit Rules

%.o: %.c inc/so_long.h
#  recipe to execute (from 'Makefile', line 47):
		 $(CC) $(CFLAGS) -c -o $@ $<

# 1 implicit rules, 0 (0.0%) terminal.
# Files

# Not a target:
SRCS/Error/error_utils.c:
#  Implicit rule search has been done.
#  Last modified 2024-08-21 04:29:18.421573691
#  File has been updated.
#  Successfully updated.

-L./Libft:
#  Implicit rule search has not been done.
#  Modification time never checked.
#  File has not been updated.
#  recipe to execute (from 'Makefile', line 50):
		 @$(MAKE) -C $(L_DIR)

# Not a target:
Makefile:
#  Implicit rule search has been done.
#  Last modified 2024-08-21 07:23:00.240917794
#  File has been updated.
#  Successfully updated.

so_long: SRCS/main.o SRCS/Error/error_handler.o SRCS/Error/error_utils.o SRCS/Error/validate_map.o SRCS/Error/validate_string.o -L./Libft -lft
#  Implicit rule search has not been done.
#  Last modified 2024-08-21 07:54:32.256609194
#  File has been updated.
#  Needs to be updated (-q is set).
# variable set hash-table stats:
# Load=0/32=0%, Rehash=0, Collisions=0/5=0%
#  recipe to execute (from 'Makefile', line 42):
		 $(CC) $(CFLAGS) -o $(NAME) $(S_OBJ) $(LIBFT)
		 clear
		 @echo "$(GREEN) COMPILATION COMPLETE$(RESET)"

 
clean:
#  Phony target (prerequisite of .PHONY).
#  Implicit rule search has not been done.
#  File does not exist.
#  File has not been updated.
#  recipe to execute (from 'Makefile', line 53):
		@$(MAKE) clean -C $(L_DIR)
		rm -f $(S_OBJ)
		clear
		@echo "$(ORANGE) CLEANING THE OBJECTS$(RESET)"

re: fclean all
#  Phony target (prerequisite of .PHONY).
#  Implicit rule search has not been done.
#  File does not exist.
#  File has not been updated.

# Not a target:
SRCS/Error/validate_string.c:
#  Implicit rule search has been done.
#  Last modified 2024-08-21 07:55:00.488908467
#  File has been updated.
#  Successfully updated.

-lft:
#  Implicit rule search has not been done.
#  Modification time never checked.
#  File has not been updated.
#  recipe to execute (from 'Makefile', line 50):
		 @$(MAKE) -C $(L_DIR)

# Not a target:
SRCS/Error/error_handler.c:
#  Implicit rule search has been done.
#  Last modified 2024-08-21 07:50:21.982006609
#  File has been updated.
#  Successfully updated.

SRCS/main.o: SRCS/main.c inc/so_long.h
#  Implicit rule search has been done.
#  Implicit/static pattern stem: 'SRCS/main'
#  Last modified 2024-08-21 07:54:31.528601489
#  File has been updated.
#  Successfully updated.
#  recipe to execute (from 'Makefile', line 47):
		 $(CC) $(CFLAGS) -c -o $@ $<

# Not a target:
.DEFAULT:
#  Implicit rule search has not been done.
#  Modification time never checked.
#  File has not been updated.

all: so_long
#  Phony target (prerequisite of .PHONY).
#  Command line target.
#  Implicit rule search has not been done.
#  File does not exist.
#  File has been updated.
#  Needs to be updated (-q is set).
# variable set hash-table stats:
# Load=0/32=0%, Rehash=0, Collisions=0/5=0%

fclean: clean
#  Phony target (prerequisite of .PHONY).
#  Implicit rule search has not been done.
#  File does not exist.
#  File has not been updated.
#  recipe to execute (from 'Makefile', line 59):
		@$(MAKE) fclean -C $(L_DIR)
		rm -f $(NAME)
		clear
		@echo "$(RED) CLEARING ALL FILES$(RESET)"

SRCS/Error/error_utils.o: SRCS/Error/error_utils.c inc/so_long.h
#  Implicit rule search has been done.
#  Implicit/static pattern stem: 'SRCS/Error/error_utils'
#  Last modified 2024-08-21 07:54:31.568601912
#  File has been updated.
#  Successfully updated.
#  recipe to execute (from 'Makefile', line 47):
		 $(CC) $(CFLAGS) -c -o $@ $<

SRCS/Error/error_handler.o: SRCS/Error/error_handler.c inc/so_long.h
#  Implicit rule search has been done.
#  Implicit/static pattern stem: 'SRCS/Error/error_handler'
#  Last modified 2024-08-21 07:54:31.5486017
#  File has been updated.
#  Successfully updated.
#  recipe to execute (from 'Makefile', line 47):
		 $(CC) $(CFLAGS) -c -o $@ $<

SRCS/Error/validate_map.o: SRCS/Error/validate_map.c inc/so_long.h
#  Implicit rule search has been done.
#  Implicit/static pattern stem: 'SRCS/Error/validate_map'
#  Last modified 2024-08-21 07:54:31.588602124
#  File has been updated.
#  Successfully updated.
#  recipe to execute (from 'Makefile', line 47):
		 $(CC) $(CFLAGS) -c -o $@ $<

SRCS/Error/validate_string.o: SRCS/Error/validate_string.c inc/so_long.h
#  Implicit rule search has been done.
#  Implicit/static pattern stem: 'SRCS/Error/validate_string'
#  Last modified 2024-08-21 07:54:31.608602336
#  File has been updated.
#  Needs to be updated (-q is set).
# automatic
# @ := SRCS/Error/validate_string.o
# automatic
# * := SRCS/Error/validate_string
# automatic
# < := SRCS/Error/validate_string.c
# automatic
# + := SRCS/Error/validate_string.c inc/so_long.h
# automatic
# % := 
# automatic
# ^ := SRCS/Error/validate_string.c inc/so_long.h
# automatic
 
# ? := SRCS/Error/validate_string.c
# automatic
# | := 
# variable set hash-table stats:
# Load=8/32=25%, Rehash=0, Collisions=2/15=13%
#  recipe to execute (from 'Makefile', line 47):
		 $(CC) $(CFLAGS) -c -o $@ $<

# Not a target:
SRCS/main.c:
#  Implicit rule search has been done.
#  Last modified 2024-08-21 06:32:18.289052841
#  File has been updated.
#  Successfully updated.

# Not a target:
inc/so_long.h:
#  Implicit rule search has been done.
#  Last modified 2024-08-21 07:31:35.461636219
#  File has been updated.
#  Successfully updated.

.PHONY: all clean fclean re
#  Implicit rule search has not been done.
#  Modification time never checked.
#  File has not been updated.

# Not a target:
SRCS/Error/validate_map.c:
#  Implicit rule search has been done.
#  Last modified 2024-08-21 07:19:56.426832321
#  File has been updated.
#  Successfully updated.

# files hash-table stats:
# Load=22/1024=2%, Rehash=0, Collisions=0/76=0%
# VPATH Search Paths

# No 'vpath' search paths.

# No general ('VPATH' variable) search path.

# strcache buffers: 1 (0) / strings = 53 / storage = 700 B / avg = 13 B
# current buf: size = 8162 B / used = 700 B / count = 53 / avg = 13 B

# strcache performance: lookups = 98 / hit rate = 45%
# hash-table stats:
# Load=53/8192=1%, Rehash=0, Collisions=0/98=0%
# Finished Make data base on Wed Aug 21 08:03:56 2024

 
